#
# There is insufficient memory for the Java Runtime Environment to continue.
# Native memory allocation (malloc) failed to allocate 757056 bytes. Error detail: Chunk::new
# Possible reasons:
#   The system is out of physical RAM or swap space
#   This process is running with CompressedOops enabled, and the Java Heap may be blocking the growth of the native heap
# Possible solutions:
#   Reduce memory load on the system
#   Increase physical memory or swap space
#   Check if swap backing store is full
#   Decrease Java heap size (-Xmx/-Xms)
#   Decrease number of Java threads
#   Decrease Java thread stack sizes (-Xss)
#   Set larger code cache with -XX:ReservedCodeCacheSize=
#   JVM is running with Unscaled Compressed Oops mode in which the Java heap is
#     placed in the first 4GB address space. The Java Heap base address is the
#     maximum limit for the native heap growth. Please use -XX:HeapBaseMinAddress
#     to set the Java Heap base and to place the Java Heap above 4GB virtual address.
# This output file may be truncated or incomplete.
#
#  Out of Memory Error (arena.cpp:168), pid=29856, tid=26552
#
# JRE version: OpenJDK Runtime Environment Temurin-21.0.9+10 (21.0.9+10) (build 21.0.9+10-LTS)
# Java VM: OpenJDK 64-Bit Server VM Temurin-21.0.9+10 (21.0.9+10-LTS, mixed mode, sharing, tiered, compressed oops, compressed class ptrs, parallel gc, windows-amd64)
# No core dump will be written. Minidumps are not enabled by default on client versions of Windows
#

---------------  S U M M A R Y ------------

Command Line: --add-modules=ALL-SYSTEM --add-opens=java.base/java.util=ALL-UNNAMED --add-opens=java.base/java.lang=ALL-UNNAMED --add-opens=java.base/sun.nio.fs=ALL-UNNAMED -Declipse.application=org.eclipse.jdt.ls.core.id1 -Dosgi.bundles.defaultStartLevel=4 -Declipse.product=org.eclipse.jdt.ls.core.product -Djava.import.generatesMetadataFilesAtProjectRoot=false -DDetectVMInstallationsJob.disabled=true -Dfile.encoding=utf8 -XX:+UseParallelGC -XX:GCTimeRatio=4 -XX:AdaptiveSizePolicyWeight=90 -Dsun.zip.disableMemoryMapping=true -Xmx2G -Xms100m -Xlog:disable -javaagent:c:\Users\NOUR\.vscode\extensions\redhat.java-1.50.0-win32-x64\lombok\lombok-1.18.39-4050.jar c:\Users\NOUR\.vscode\extensions\redhat.java-1.50.0-win32-x64\server\plugins\org.eclipse.equinox.launcher_1.7.100.v20251111-0406.jar -configuration c:\Users\NOUR\AppData\Roaming\Code\User\globalStorage\redhat.java\1.50.0\config_ss_win -data c:\Users\NOUR\AppData\Roaming\Code\User\workspaceStorage\ebe7d07dd6b78334528bdc7d7f2aaab0\redhat.java\ss_ws --pipe=\\.\pipe\lsp-680a6f211bd9fde8b457b46ced08c5a5-sock

Host: Intel(R) Core(TM) i7-10750H CPU @ 2.60GHz, 12 cores, 15G,  Windows 10 , 64 bit Build 19041 (10.0.19041.5915)
Time: Sun Dec 14 22:21:11 2025 Afr. centrale Ouest elapsed time: 25.729708 seconds (0d 0h 0m 25s)

---------------  T H R E A D  ---------------

Current thread (0x000001a3e9575f20):  JavaThread "C2 CompilerThread0" daemon [_thread_in_native, id=26552, stack(0x0000005210700000,0x0000005210800000) (1024K)]


Current CompileTask:
C2:25729 3434       4       org.eclipse.osgi.internal.loader.ModuleClassLoader::toString (80 bytes)

Stack: [0x0000005210700000,0x0000005210800000]
Native frames: (J=compiled Java code, j=interpreted, Vv=VM code, C=native code)
V  [jvm.dll+0x6d6e29]
V  [jvm.dll+0x8b4b76]
V  [jvm.dll+0x8b712e]
V  [jvm.dll+0x8b7813]
V  [jvm.dll+0x283d86]
V  [jvm.dll+0xc66ed]
V  [jvm.dll+0xc6c31]
V  [jvm.dll+0x2facee]
V  [jvm.dll+0x5fde44]
V  [jvm.dll+0x255557]
V  [jvm.dll+0x25591d]
V  [jvm.dll+0x24df40]
V  [jvm.dll+0x24b482]
V  [jvm.dll+0x1cb13e]
V  [jvm.dll+0x25b29d]
V  [jvm.dll+0x25982a]
V  [jvm.dll+0x3f7ea6]
V  [jvm.dll+0x85e9ad]
V  [jvm.dll+0x6d565d]
C  [ucrtbase.dll+0x21bb2]
C  [KERNEL32.DLL+0x17374]
C  [ntdll.dll+0x4cc91]


---------------  P R O C E S S  ---------------

Threads class SMR info:
_java_thread_list=0x000001a3ef1650b0, length=36, elements={
0x000001a3ce938300, 0x000001a3d0c5fee0, 0x000001a3d0c61520, 0x000001a3d0c65810,
0x000001a3d0c66500, 0x000001a3d0c6d120, 0x000001a3e9570080, 0x000001a3e9575f20,
0x000001a3e9576670, 0x000001a3e9769ea0, 0x000001a3e9810350, 0x000001a3ee4a4470,
0x000001a3ee3c94a0, 0x000001a3ee3cbb10, 0x000001a3ee735a10, 0x000001a3ee8b03d0,
0x000001a3eeb5f470, 0x000001a3eeb605b0, 0x000001a3efda2260, 0x000001a3efda28f0,
0x000001a3efda0eb0, 0x000001a3efda1540, 0x000001a3efda0820, 0x000001a3efda3ca0,
0x000001a3efda2f80, 0x000001a3efda1bd0, 0x000001a3efda3610, 0x000001a3ef0e3530,
0x000001a3ef0e4250, 0x000001a3ef0e7040, 0x000001a3ef0e76d0, 0x000001a3ef0e3bc0,
0x000001a3ef0e8a80, 0x000001a3ef0e1af0, 0x000001a3ef0e9110, 0x000001a3ef0e7d60
}

Java Threads: ( => current thread )
  0x000001a3ce938300 JavaThread "main"                              [_thread_blocked, id=5624, stack(0x000000520fd00000,0x000000520fe00000) (1024K)]
  0x000001a3d0c5fee0 JavaThread "Reference Handler"          daemon [_thread_blocked, id=24784, stack(0x0000005210100000,0x0000005210200000) (1024K)]
  0x000001a3d0c61520 JavaThread "Finalizer"                  daemon [_thread_blocked, id=17124, stack(0x0000005210200000,0x0000005210300000) (1024K)]
  0x000001a3d0c65810 JavaThread "Signal Dispatcher"          daemon [_thread_blocked, id=27836, stack(0x0000005210300000,0x0000005210400000) (1024K)]
  0x000001a3d0c66500 JavaThread "Attach Listener"            daemon [_thread_blocked, id=30316, stack(0x0000005210400000,0x0000005210500000) (1024K)]
  0x000001a3d0c6d120 JavaThread "Service Thread"             daemon [_thread_blocked, id=15680, stack(0x0000005210500000,0x0000005210600000) (1024K)]
  0x000001a3e9570080 JavaThread "Monitor Deflation Thread"   daemon [_thread_blocked, id=27928, stack(0x0000005210600000,0x0000005210700000) (1024K)]
=>0x000001a3e9575f20 JavaThread "C2 CompilerThread0"         daemon [_thread_in_native, id=26552, stack(0x0000005210700000,0x0000005210800000) (1024K)]
  0x000001a3e9576670 JavaThread "C1 CompilerThread0"         daemon [_thread_blocked, id=30500, stack(0x0000005210800000,0x0000005210900000) (1024K)]
  0x000001a3e9769ea0 JavaThread "Common-Cleaner"             daemon [_thread_blocked, id=8124, stack(0x0000005210900000,0x0000005210a00000) (1024K)]
  0x000001a3e9810350 JavaThread "Notification Thread"        daemon [_thread_blocked, id=25336, stack(0x0000005210a00000,0x0000005210b00000) (1024K)]
  0x000001a3ee4a4470 JavaThread "Active Thread: Equinox Container: 33c3f2c2-f181-474b-ae24-798d897bf412"        [_thread_blocked, id=15232, stack(0x0000005211100000,0x0000005211200000) (1024K)]
  0x000001a3ee3c94a0 JavaThread "Framework Event Dispatcher: Equinox Container: 33c3f2c2-f181-474b-ae24-798d897bf412" daemon [_thread_blocked, id=31216, stack(0x0000005211200000,0x0000005211300000) (1024K)]
  0x000001a3ee3cbb10 JavaThread "Start Level: Equinox Container: 33c3f2c2-f181-474b-ae24-798d897bf412" daemon [_thread_blocked, id=7376, stack(0x0000005211300000,0x0000005211400000) (1024K)]
  0x000001a3ee735a10 JavaThread "SCR Component Actor"        daemon [_thread_blocked, id=28384, stack(0x0000005211500000,0x0000005211600000) (1024K)]
  0x000001a3ee8b03d0 JavaThread "Worker-JM"                         [_thread_blocked, id=31464, stack(0x0000005211600000,0x0000005211700000) (1024K)]
  0x000001a3eeb5f470 JavaThread "Worker-0"                          [_thread_blocked, id=29496, stack(0x0000005211900000,0x0000005211a00000) (1024K)]
  0x000001a3eeb605b0 JavaThread "Worker-1: Shutdown..."             [_thread_in_native, id=9368, stack(0x0000005211a00000,0x0000005211b00000) (1024K)]
  0x000001a3efda2260 JavaThread "JNA Cleaner"                daemon [_thread_blocked, id=14748, stack(0x0000005211b00000,0x0000005211c00000) (1024K)]
  0x000001a3efda28f0 JavaThread "Thread-1"                   daemon [_thread_in_native, id=27584, stack(0x0000005211e00000,0x0000005211f00000) (1024K)]
  0x000001a3efda0eb0 JavaThread "Thread-2"                   daemon [_thread_in_native, id=30540, stack(0x0000005211f00000,0x0000005212000000) (1024K)]
  0x000001a3efda1540 JavaThread "Thread-3"                   daemon [_thread_in_native, id=25632, stack(0x0000005212000000,0x0000005212100000) (1024K)]
  0x000001a3efda0820 JavaThread "Thread-4"                   daemon [_thread_in_native, id=28744, stack(0x0000005212100000,0x0000005212200000) (1024K)]
  0x000001a3efda3ca0 JavaThread "Thread-5"                   daemon [_thread_in_native, id=28696, stack(0x0000005212200000,0x0000005212300000) (1024K)]
  0x000001a3efda2f80 JavaThread "Thread-6"                   daemon [_thread_in_native, id=27644, stack(0x0000005212300000,0x0000005212400000) (1024K)]
  0x000001a3efda1bd0 JavaThread "Thread-7"                   daemon [_thread_in_native, id=30660, stack(0x0000005212400000,0x0000005212500000) (1024K)]
  0x000001a3efda3610 JavaThread "Thread-8"                   daemon [_thread_in_native, id=14592, stack(0x0000005212500000,0x0000005212600000) (1024K)]
  0x000001a3ef0e3530 JavaThread "Thread-9"                   daemon [_thread_in_native, id=17036, stack(0x0000005212600000,0x0000005212700000) (1024K)]
  0x000001a3ef0e4250 JavaThread "Thread-10"                  daemon [_thread_in_native, id=15004, stack(0x0000005212700000,0x0000005212800000) (1024K)]
  0x000001a3ef0e7040 JavaThread "Thread-11"                  daemon [_thread_in_native, id=22716, stack(0x0000005212800000,0x0000005212900000) (1024K)]
  0x000001a3ef0e76d0 JavaThread "Thread-12"                  daemon [_thread_in_native, id=25512, stack(0x0000005212900000,0x0000005212a00000) (1024K)]
  0x000001a3ef0e3bc0 JavaThread "Thread-13"                  daemon [_thread_in_native, id=28948, stack(0x0000005212a00000,0x0000005212b00000) (1024K)]
  0x000001a3ef0e8a80 JavaThread "pool-2-thread-1"                   [_thread_blocked, id=27816, stack(0x0000005212b00000,0x0000005212c00000) (1024K)]
  0x000001a3ef0e1af0 JavaThread "WorkspaceEventsHandler"            [_thread_blocked, id=15852, stack(0x0000005212c00000,0x0000005212d00000) (1024K)]
  0x000001a3ef0e9110 JavaThread "pool-1-thread-1"                   [_thread_blocked, id=31096, stack(0x0000005212d00000,0x0000005212e00000) (1024K)]
  0x000001a3ef0e7d60 JavaThread "ForkJoinPool.commonPool-worker-1" daemon [_thread_blocked, id=30444, stack(0x0000005212e00000,0x0000005212f00000) (1024K)]
Total: 36

Other Threads:
  0x000001a3d0d70870 VMThread "VM Thread"                           [id=31000, stack(0x0000005210000000,0x0000005210100000) (1024K)]
  0x000001a3d0d1eb80 WatcherThread "VM Periodic Task Thread"        [id=18568, stack(0x000000520ff00000,0x0000005210000000) (1024K)]
  0x000001a3d0cd39a0 WorkerThread "GC Thread#0"                     [id=18300, stack(0x000000520fe00000,0x000000520ff00000) (1024K)]
  0x000001a3ee457c40 WorkerThread "GC Thread#1"                     [id=22560, stack(0x0000005210b00000,0x0000005210c00000) (1024K)]
  0x000001a3ee3f8810 WorkerThread "GC Thread#2"                     [id=28632, stack(0x0000005210c00000,0x0000005210d00000) (1024K)]
  0x000001a3ee3f8bb0 WorkerThread "GC Thread#3"                     [id=27096, stack(0x0000005210d00000,0x0000005210e00000) (1024K)]
  0x000001a3ee44cee0 WorkerThread "GC Thread#4"                     [id=28984, stack(0x0000005210e00000,0x0000005210f00000) (1024K)]
  0x000001a3ee44d280 WorkerThread "GC Thread#5"                     [id=26368, stack(0x0000005210f00000,0x0000005211000000) (1024K)]
  0x000001a3ee44d620 WorkerThread "GC Thread#6"                     [id=29376, stack(0x0000005211000000,0x0000005211100000) (1024K)]
  0x000001a3ee3c9ef0 WorkerThread "GC Thread#7"                     [id=16048, stack(0x0000005211400000,0x0000005211500000) (1024K)]
  0x000001a3ee3cb110 WorkerThread "GC Thread#8"                     [id=7272, stack(0x0000005211700000,0x0000005211800000) (1024K)]
  0x000001a3ee3cb4b0 WorkerThread "GC Thread#9"                     [id=30452, stack(0x0000005211800000,0x0000005211900000) (1024K)]
Total: 12

Threads with active compile tasks:
C2 CompilerThread0  25772 3434       4       org.eclipse.osgi.internal.loader.ModuleClassLoader::toString (80 bytes)
Total: 1

VM state: not at safepoint (normal execution)

VM Mutex/Monitor currently owned by a thread: None

Heap address: 0x0000000080000000, size: 2048 MB, Compressed Oops mode: 32-bit

CDS archive(s) mapped at: [0x000001a380000000-0x000001a380ba0000-0x000001a380ba0000), size 12189696, SharedBaseAddress: 0x000001a380000000, ArchiveRelocationMode: 1.
Compressed class space mapped at: 0x000001a381000000-0x000001a3c1000000, reserved size: 1073741824
Narrow klass base: 0x000001a380000000, Narrow klass shift: 0, Narrow klass range: 0x100000000

GC Precious Log:
 CardTable entry size: 512
 CPUs: 12 total, 12 available
 Memory: 16201M
 Large Page Support: Disabled
 NUMA Support: Disabled
 Compressed Oops: Enabled (32-bit)
 Alignments: Space 512K, Generation 512K, Heap 2M
 Heap Min Capacity: 100M
 Heap Initial Capacity: 100M
 Heap Max Capacity: 2G
 Pre-touch: Disabled
 Parallel Workers: 10

Heap:
 PSYoungGen      total 26624K, used 14085K [0x00000000d5580000, 0x00000000d7400000, 0x0000000100000000)
  eden space 23040K, 45% used [0x00000000d5580000,0x00000000d5fc6ca0,0x00000000d6c00000)
  from space 3584K, 99% used [0x00000000d7080000,0x00000000d73faa90,0x00000000d7400000)
  to   space 4096K, 0% used [0x00000000d6c00000,0x00000000d6c00000,0x00000000d7000000)
 ParOldGen       total 68608K, used 9973K [0x0000000080000000, 0x0000000084300000, 0x00000000d5580000)
  object space 68608K, 14% used [0x0000000080000000,0x00000000809bd7d8,0x0000000084300000)
 Metaspace       used 29219K, committed 29952K, reserved 1114112K
  class space    used 2965K, committed 3328K, reserved 1048576K

Card table byte_map: [0x000001a3d0660000,0x000001a3d0a70000] _byte_map_base: 0x000001a3d0260000

Marking Bits: (ParMarkBitMap*) 0x00007ff954512460
 Begin Bits: [0x000001a3e3170000, 0x000001a3e5170000)
 End Bits:   [0x000001a3e5170000, 0x000001a3e7170000)

Polling page: 0x000001a3ceaf0000

Metaspace:

Usage:
  Non-class:     25.64 MB used.
      Class:      2.90 MB used.
       Both:     28.53 MB used.

Virtual space:
  Non-class space:       64.00 MB reserved,      26.00 MB ( 41%) committed,  1 nodes.
      Class space:        1.00 GB reserved,       3.25 MB ( <1%) committed,  1 nodes.
             Both:        1.06 GB reserved,      29.25 MB (  3%) committed. 

Chunk freelists:
   Non-Class:  6.00 MB
       Class:  12.78 MB
        Both:  18.78 MB

MaxMetaspaceSize: unlimited
CompressedClassSpaceSize: 1.00 GB
Initial GC threshold: 21.00 MB
Current GC threshold: 35.00 MB
CDS: on
 - commit_granule_bytes: 65536.
 - commit_granule_words: 8192.
 - virtual_space_node_default_size: 8388608.
 - enlarge_chunks_in_place: 1.
 - use_allocation_guard: 0.


Internal statistics:

num_allocs_failed_limit: 3.
num_arena_births: 560.
num_arena_deaths: 14.
num_vsnodes_births: 2.
num_vsnodes_deaths: 0.
num_space_committed: 468.
num_space_uncommitted: 0.
num_chunks_returned_to_freelist: 17.
num_chunks_taken_from_freelist: 1678.
num_chunk_merges: 9.
num_chunk_splits: 1085.
num_chunks_enlarged: 705.
num_inconsistent_stats: 0.

CodeHeap 'non-profiled nmethods': size=120000Kb used=1417Kb max_used=1417Kb free=118582Kb
 bounds [0x000001a3db990000, 0x000001a3dbc00000, 0x000001a3e2ec0000]
CodeHeap 'profiled nmethods': size=120000Kb used=6843Kb max_used=6843Kb free=113157Kb
 bounds [0x000001a3d3ec0000, 0x000001a3d4570000, 0x000001a3db3f0000]
CodeHeap 'non-nmethods': size=5760Kb used=1347Kb max_used=1414Kb free=4412Kb
 bounds [0x000001a3db3f0000, 0x000001a3db660000, 0x000001a3db990000]
CodeCache: size=245760Kb, used=9607Kb, max_used=9674Kb, free=236151Kb
 total_blobs=4098, nmethods=3461, adapters=542, full_count=0
Compilation: enabled, stopped_count=0, restarted_count=0

Compilation events (20 events):
Event: 25.696 Thread 0x000001a3e9576670 3462       3       java.lang.Short::<init> (10 bytes)
Event: 25.696 Thread 0x000001a3e9576670 nmethod 3462 0x000001a3d4566190 code [0x000001a3d4566340, 0x000001a3d4566508]
Event: 25.697 Thread 0x000001a3e9576670 3463       3       java.lang.Class::privateGetDeclaredConstructors (79 bytes)
Event: 25.697 Thread 0x000001a3e9576670 nmethod 3463 0x000001a3d4566610 code [0x000001a3d4566800, 0x000001a3d4566c78]
Event: 25.697 Thread 0x000001a3e9576670 3464       3       java.util.concurrent.locks.ReentrantReadWriteLock$ReadLock::unlock (10 bytes)
Event: 25.697 Thread 0x000001a3e9576670 nmethod 3464 0x000001a3d4566e10 code [0x000001a3d4566fe0, 0x000001a3d45672b8]
Event: 25.697 Thread 0x000001a3e9576670 3465       3       java.lang.Class::getConstructor0 (83 bytes)
Event: 25.698 Thread 0x000001a3e9576670 nmethod 3465 0x000001a3d4567410 code [0x000001a3d45676a0, 0x000001a3d45680d8]
Event: 25.698 Thread 0x000001a3e9576670 3466       3       java.lang.invoke.DirectMethodHandle$Accessor::checkCast (9 bytes)
Event: 25.698 Thread 0x000001a3e9576670 nmethod 3466 0x000001a3d4568590 code [0x000001a3d4568760, 0x000001a3d4568a68]
Event: 25.698 Thread 0x000001a3e9576670 3467       3       java.util.concurrent.ConcurrentHashMap$ValueIterator::<init> (12 bytes)
Event: 25.698 Thread 0x000001a3e9576670 nmethod 3467 0x000001a3d4568b90 code [0x000001a3d4568d40, 0x000001a3d4568e78]
Event: 25.703 Thread 0x000001a3e9576670 3468   !   3       java.util.concurrent.ConcurrentHashMap::putVal (432 bytes)
Event: 25.704 Thread 0x000001a3e9576670 nmethod 3468 0x000001a3d4568f10 code [0x000001a3d4569280, 0x000001a3d456ab58]
Event: 25.704 Thread 0x000001a3e9576670 3469       3       java.util.Set::of (68 bytes)
Event: 25.705 Thread 0x000001a3e9576670 nmethod 3469 0x000001a3d456b510 code [0x000001a3d456b740, 0x000001a3d456beb0]
Event: 25.710 Thread 0x000001a3e9576670 3470       3       jdk.internal.misc.Unsafe::copyMemory (33 bytes)
Event: 25.711 Thread 0x000001a3e9576670 nmethod 3470 0x000001a3d456c190 code [0x000001a3d456c460, 0x000001a3d456d120]
Event: 25.711 Thread 0x000001a3e9576670 3471       3       jdk.internal.misc.Unsafe::copyMemoryChecks (21 bytes)
Event: 25.711 Thread 0x000001a3e9576670 nmethod 3471 0x000001a3d456d710 code [0x000001a3d456d9e0, 0x000001a3d456e698]

GC Heap History (18 events):
Event: 0.842 GC heap before
{Heap before GC invocations=1 (full 0):
 PSYoungGen      total 29696K, used 25600K [0x00000000d5580000, 0x00000000d7680000, 0x0000000100000000)
  eden space 25600K, 100% used [0x00000000d5580000,0x00000000d6e80000,0x00000000d6e80000)
  from space 4096K, 0% used [0x00000000d7280000,0x00000000d7280000,0x00000000d7680000)
  to   space 4096K, 0% used [0x00000000d6e80000,0x00000000d6e80000,0x00000000d7280000)
 ParOldGen       total 68608K, used 0K [0x0000000080000000, 0x0000000084300000, 0x00000000d5580000)
  object space 68608K, 0% used [0x0000000080000000,0x0000000080000000,0x0000000084300000)
 Metaspace       used 4329K, committed 4544K, reserved 1114112K
  class space    used 472K, committed 576K, reserved 1048576K
}
Event: 0.848 GC heap after
{Heap after GC invocations=1 (full 0):
 PSYoungGen      total 29696K, used 3319K [0x00000000d5580000, 0x00000000d7680000, 0x0000000100000000)
  eden space 25600K, 0% used [0x00000000d5580000,0x00000000d5580000,0x00000000d6e80000)
  from space 4096K, 81% used [0x00000000d6e80000,0x00000000d71bde88,0x00000000d7280000)
  to   space 4096K, 0% used [0x00000000d7280000,0x00000000d7280000,0x00000000d7680000)
 ParOldGen       total 68608K, used 16K [0x0000000080000000, 0x0000000084300000, 0x00000000d5580000)
  object space 68608K, 0% used [0x0000000080000000,0x0000000080004000,0x0000000084300000)
 Metaspace       used 4329K, committed 4544K, reserved 1114112K
  class space    used 472K, committed 576K, reserved 1048576K
}
Event: 1.751 GC heap before
{Heap before GC invocations=2 (full 0):
 PSYoungGen      total 29696K, used 28919K [0x00000000d5580000, 0x00000000d7680000, 0x0000000100000000)
  eden space 25600K, 100% used [0x00000000d5580000,0x00000000d6e80000,0x00000000d6e80000)
  from space 4096K, 81% used [0x00000000d6e80000,0x00000000d71bde88,0x00000000d7280000)
  to   space 4096K, 0% used [0x00000000d7280000,0x00000000d7280000,0x00000000d7680000)
 ParOldGen       total 68608K, used 16K [0x0000000080000000, 0x0000000084300000, 0x00000000d5580000)
  object space 68608K, 0% used [0x0000000080000000,0x0000000080004000,0x0000000084300000)
 Metaspace       used 8157K, committed 8448K, reserved 1114112K
  class space    used 868K, committed 1024K, reserved 1048576K
}
Event: 1.756 GC heap after
{Heap after GC invocations=2 (full 0):
 PSYoungGen      total 29696K, used 4075K [0x00000000d5580000, 0x00000000d7680000, 0x0000000100000000)
  eden space 25600K, 0% used [0x00000000d5580000,0x00000000d5580000,0x00000000d6e80000)
  from space 4096K, 99% used [0x00000000d7280000,0x00000000d767aff8,0x00000000d7680000)
  to   space 4096K, 0% used [0x00000000d6e80000,0x00000000d6e80000,0x00000000d7280000)
 ParOldGen       total 68608K, used 877K [0x0000000080000000, 0x0000000084300000, 0x00000000d5580000)
  object space 68608K, 1% used [0x0000000080000000,0x00000000800db6b8,0x0000000084300000)
 Metaspace       used 8157K, committed 8448K, reserved 1114112K
  class space    used 868K, committed 1024K, reserved 1048576K
}
Event: 2.326 GC heap before
{Heap before GC invocations=3 (full 0):
 PSYoungGen      total 29696K, used 29664K [0x00000000d5580000, 0x00000000d7680000, 0x0000000100000000)
  eden space 25600K, 99% used [0x00000000d5580000,0x00000000d6e7d160,0x00000000d6e80000)
  from space 4096K, 99% used [0x00000000d7280000,0x00000000d767aff8,0x00000000d7680000)
  to   space 4096K, 0% used [0x00000000d6e80000,0x00000000d6e80000,0x00000000d7280000)
 ParOldGen       total 68608K, used 877K [0x0000000080000000, 0x0000000084300000, 0x00000000d5580000)
  object space 68608K, 1% used [0x0000000080000000,0x00000000800db6b8,0x0000000084300000)
 Metaspace       used 12975K, committed 13504K, reserved 1114112K
  class space    used 1377K, committed 1600K, reserved 1048576K
}
Event: 2.331 GC heap after
{Heap after GC invocations=3 (full 0):
 PSYoungGen      total 29696K, used 4070K [0x00000000d5580000, 0x00000000d7680000, 0x0000000100000000)
  eden space 25600K, 0% used [0x00000000d5580000,0x00000000d5580000,0x00000000d6e80000)
  from space 4096K, 99% used [0x00000000d6e80000,0x00000000d7279ac0,0x00000000d7280000)
  to   space 4096K, 0% used [0x00000000d7280000,0x00000000d7280000,0x00000000d7680000)
 ParOldGen       total 68608K, used 2712K [0x0000000080000000, 0x0000000084300000, 0x00000000d5580000)
  object space 68608K, 3% used [0x0000000080000000,0x00000000802a6250,0x0000000084300000)
 Metaspace       used 12975K, committed 13504K, reserved 1114112K
  class space    used 1377K, committed 1600K, reserved 1048576K
}
Event: 2.715 GC heap before
{Heap before GC invocations=4 (full 0):
 PSYoungGen      total 29696K, used 29670K [0x00000000d5580000, 0x00000000d7680000, 0x0000000100000000)
  eden space 25600K, 100% used [0x00000000d5580000,0x00000000d6e80000,0x00000000d6e80000)
  from space 4096K, 99% used [0x00000000d6e80000,0x00000000d7279ac0,0x00000000d7280000)
  to   space 4096K, 0% used [0x00000000d7280000,0x00000000d7280000,0x00000000d7680000)
 ParOldGen       total 68608K, used 2712K [0x0000000080000000, 0x0000000084300000, 0x00000000d5580000)
  object space 68608K, 3% used [0x0000000080000000,0x00000000802a6250,0x0000000084300000)
 Metaspace       used 15930K, committed 16576K, reserved 1114112K
  class space    used 1655K, committed 1920K, reserved 1048576K
}
Event: 2.718 GC heap after
{Heap after GC invocations=4 (full 0):
 PSYoungGen      total 29696K, used 4090K [0x00000000d5580000, 0x00000000d7680000, 0x0000000100000000)
  eden space 25600K, 0% used [0x00000000d5580000,0x00000000d5580000,0x00000000d6e80000)
  from space 4096K, 99% used [0x00000000d7280000,0x00000000d767e998,0x00000000d7680000)
  to   space 4096K, 0% used [0x00000000d6e80000,0x00000000d6e80000,0x00000000d7280000)
 ParOldGen       total 68608K, used 5304K [0x0000000080000000, 0x0000000084300000, 0x00000000d5580000)
  object space 68608K, 7% used [0x0000000080000000,0x000000008052e1d0,0x0000000084300000)
 Metaspace       used 15930K, committed 16576K, reserved 1114112K
  class space    used 1655K, committed 1920K, reserved 1048576K
}
Event: 2.946 GC heap before
{Heap before GC invocations=5 (full 0):
 PSYoungGen      total 29696K, used 29443K [0x00000000d5580000, 0x00000000d7680000, 0x0000000100000000)
  eden space 25600K, 99% used [0x00000000d5580000,0x00000000d6e425d0,0x00000000d6e80000)
  from space 4096K, 99% used [0x00000000d7280000,0x00000000d767e998,0x00000000d7680000)
  to   space 4096K, 0% used [0x00000000d6e80000,0x00000000d6e80000,0x00000000d7280000)
 ParOldGen       total 68608K, used 5304K [0x0000000080000000, 0x0000000084300000, 0x00000000d5580000)
  object space 68608K, 7% used [0x0000000080000000,0x000000008052e1d0,0x0000000084300000)
 Metaspace       used 20110K, committed 20800K, reserved 1114112K
  class space    used 1962K, committed 2240K, reserved 1048576K
}
Event: 2.948 GC heap after
{Heap after GC invocations=5 (full 0):
 PSYoungGen      total 29184K, used 4075K [0x00000000d5580000, 0x00000000d7900000, 0x0000000100000000)
  eden space 25088K, 0% used [0x00000000d5580000,0x00000000d5580000,0x00000000d6e00000)
  from space 4096K, 99% used [0x00000000d6e80000,0x00000000d727ac88,0x00000000d7280000)
  to   space 5632K, 0% used [0x00000000d7380000,0x00000000d7380000,0x00000000d7900000)
 ParOldGen       total 68608K, used 5686K [0x0000000080000000, 0x0000000084300000, 0x00000000d5580000)
  object space 68608K, 8% used [0x0000000080000000,0x000000008058da60,0x0000000084300000)
 Metaspace       used 20110K, committed 20800K, reserved 1114112K
  class space    used 1962K, committed 2240K, reserved 1048576K
}
Event: 3.088 GC heap before
{Heap before GC invocations=6 (full 0):
 PSYoungGen      total 29184K, used 23370K [0x00000000d5580000, 0x00000000d7900000, 0x0000000100000000)
  eden space 25088K, 76% used [0x00000000d5580000,0x00000000d6857c80,0x00000000d6e00000)
  from space 4096K, 99% used [0x00000000d6e80000,0x00000000d727ac88,0x00000000d7280000)
  to   space 5632K, 0% used [0x00000000d7380000,0x00000000d7380000,0x00000000d7900000)
 ParOldGen       total 68608K, used 5686K [0x0000000080000000, 0x0000000084300000, 0x00000000d5580000)
  object space 68608K, 8% used [0x0000000080000000,0x000000008058da60,0x0000000084300000)
 Metaspace       used 20834K, committed 21504K, reserved 1114112K
  class space    used 2000K, committed 2304K, reserved 1048576K
}
Event: 3.091 GC heap after
{Heap after GC invocations=6 (full 0):
 PSYoungGen      total 29696K, used 5621K [0x00000000d5580000, 0x00000000d7b00000, 0x0000000100000000)
  eden space 24064K, 0% used [0x00000000d5580000,0x00000000d5580000,0x00000000d6d00000)
  from space 5632K, 99% used [0x00000000d7380000,0x00000000d78fd698,0x00000000d7900000)
  to   space 6656K, 0% used [0x00000000d6d00000,0x00000000d6d00000,0x00000000d7380000)
 ParOldGen       total 68608K, used 6110K [0x0000000080000000, 0x0000000084300000, 0x00000000d5580000)
  object space 68608K, 8% used [0x0000000080000000,0x00000000805f7a80,0x0000000084300000)
 Metaspace       used 20834K, committed 21504K, reserved 1114112K
  class space    used 2000K, committed 2304K, reserved 1048576K
}
Event: 3.091 GC heap before
{Heap before GC invocations=7 (full 1):
 PSYoungGen      total 29696K, used 5621K [0x00000000d5580000, 0x00000000d7b00000, 0x0000000100000000)
  eden space 24064K, 0% used [0x00000000d5580000,0x00000000d5580000,0x00000000d6d00000)
  from space 5632K, 99% used [0x00000000d7380000,0x00000000d78fd698,0x00000000d7900000)
  to   space 6656K, 0% used [0x00000000d6d00000,0x00000000d6d00000,0x00000000d7380000)
 ParOldGen       total 68608K, used 6110K [0x0000000080000000, 0x0000000084300000, 0x00000000d5580000)
  object space 68608K, 8% used [0x0000000080000000,0x00000000805f7a80,0x0000000084300000)
 Metaspace       used 20834K, committed 21504K, reserved 1114112K
  class space    used 2000K, committed 2304K, reserved 1048576K
}
Event: 3.110 GC heap after
{Heap after GC invocations=7 (full 1):
 PSYoungGen      total 29696K, used 0K [0x00000000d5580000, 0x00000000d7b00000, 0x0000000100000000)
  eden space 24064K, 0% used [0x00000000d5580000,0x00000000d5580000,0x00000000d6d00000)
  from space 5632K, 0% used [0x00000000d7380000,0x00000000d7380000,0x00000000d7900000)
  to   space 6656K, 0% used [0x00000000d6d00000,0x00000000d6d00000,0x00000000d7380000)
 ParOldGen       total 68608K, used 9957K [0x0000000080000000, 0x0000000084300000, 0x00000000d5580000)
  object space 68608K, 14% used [0x0000000080000000,0x00000000809b97d8,0x0000000084300000)
 Metaspace       used 20821K, committed 21504K, reserved 1114112K
  class space    used 1996K, committed 2304K, reserved 1048576K
}
Event: 3.561 GC heap before
{Heap before GC invocations=8 (full 1):
 PSYoungGen      total 29696K, used 24064K [0x00000000d5580000, 0x00000000d7b00000, 0x0000000100000000)
  eden space 24064K, 100% used [0x00000000d5580000,0x00000000d6d00000,0x00000000d6d00000)
  from space 5632K, 0% used [0x00000000d7380000,0x00000000d7380000,0x00000000d7900000)
  to   space 6656K, 0% used [0x00000000d6d00000,0x00000000d6d00000,0x00000000d7380000)
 ParOldGen       total 68608K, used 9957K [0x0000000080000000, 0x0000000084300000, 0x00000000d5580000)
  object space 68608K, 14% used [0x0000000080000000,0x00000000809b97d8,0x0000000084300000)
 Metaspace       used 24913K, committed 25664K, reserved 1114112K
  class space    used 2429K, committed 2752K, reserved 1048576K
}
Event: 3.563 GC heap after
{Heap after GC invocations=8 (full 1):
 PSYoungGen      total 26112K, used 2385K [0x00000000d5580000, 0x00000000d7480000, 0x0000000100000000)
  eden space 23552K, 0% used [0x00000000d5580000,0x00000000d5580000,0x00000000d6c80000)
  from space 2560K, 93% used [0x00000000d6d00000,0x00000000d6f54530,0x00000000d6f80000)
  to   space 4096K, 0% used [0x00000000d7080000,0x00000000d7080000,0x00000000d7480000)
 ParOldGen       total 68608K, used 9965K [0x0000000080000000, 0x0000000084300000, 0x00000000d5580000)
  object space 68608K, 14% used [0x0000000080000000,0x00000000809bb7d8,0x0000000084300000)
 Metaspace       used 24913K, committed 25664K, reserved 1114112K
  class space    used 2429K, committed 2752K, reserved 1048576K
}
Event: 3.832 GC heap before
{Heap before GC invocations=9 (full 1):
 PSYoungGen      total 26112K, used 25937K [0x00000000d5580000, 0x00000000d7480000, 0x0000000100000000)
  eden space 23552K, 100% used [0x00000000d5580000,0x00000000d6c80000,0x00000000d6c80000)
  from space 2560K, 93% used [0x00000000d6d00000,0x00000000d6f54530,0x00000000d6f80000)
  to   space 4096K, 0% used [0x00000000d7080000,0x00000000d7080000,0x00000000d7480000)
 ParOldGen       total 68608K, used 9965K [0x0000000080000000, 0x0000000084300000, 0x00000000d5580000)
  object space 68608K, 14% used [0x0000000080000000,0x00000000809bb7d8,0x0000000084300000)
 Metaspace       used 28090K, committed 28928K, reserved 1114112K
  class space    used 2814K, committed 3200K, reserved 1048576K
}
Event: 3.834 GC heap after
{Heap after GC invocations=9 (full 1):
 PSYoungGen      total 26624K, used 3562K [0x00000000d5580000, 0x00000000d7400000, 0x0000000100000000)
  eden space 23040K, 0% used [0x00000000d5580000,0x00000000d5580000,0x00000000d6c00000)
  from space 3584K, 99% used [0x00000000d7080000,0x00000000d73faa90,0x00000000d7400000)
  to   space 4096K, 0% used [0x00000000d6c00000,0x00000000d6c00000,0x00000000d7000000)
 ParOldGen       total 68608K, used 9973K [0x0000000080000000, 0x0000000084300000, 0x00000000d5580000)
  object space 68608K, 14% used [0x0000000080000000,0x00000000809bd7d8,0x0000000084300000)
 Metaspace       used 28090K, committed 28928K, reserved 1114112K
  class space    used 2814K, committed 3200K, reserved 1048576K
}

Dll operation events (10 events):
Event: 0.050 Loaded shared library c:\Users\NOUR\.vscode\extensions\redhat.java-1.50.0-win32-x64\jre\21.0.9-win32-x86_64\bin\java.dll
Event: 0.173 Loaded shared library c:\Users\NOUR\.vscode\extensions\redhat.java-1.50.0-win32-x64\jre\21.0.9-win32-x86_64\bin\zip.dll
Event: 0.203 Loaded shared library C:\Users\NOUR\.vscode\extensions\redhat.java-1.50.0-win32-x64\jre\21.0.9-win32-x86_64\bin\instrument.dll
Event: 0.209 Loaded shared library C:\Users\NOUR\.vscode\extensions\redhat.java-1.50.0-win32-x64\jre\21.0.9-win32-x86_64\bin\net.dll
Event: 0.213 Loaded shared library C:\Users\NOUR\.vscode\extensions\redhat.java-1.50.0-win32-x64\jre\21.0.9-win32-x86_64\bin\nio.dll
Event: 0.216 Loaded shared library C:\Users\NOUR\.vscode\extensions\redhat.java-1.50.0-win32-x64\jre\21.0.9-win32-x86_64\bin\zip.dll
Event: 0.237 Loaded shared library C:\Users\NOUR\.vscode\extensions\redhat.java-1.50.0-win32-x64\jre\21.0.9-win32-x86_64\bin\jimage.dll
Event: 0.305 Loaded shared library c:\Users\NOUR\.vscode\extensions\redhat.java-1.50.0-win32-x64\jre\21.0.9-win32-x86_64\bin\verify.dll
Event: 1.717 Loaded shared library C:\Users\NOUR\AppData\Roaming\Code\User\globalStorage\redhat.java\1.50.0\config_ss_win\org.eclipse.equinox.launcher\org.eclipse.equinox.launcher.win32.win32.x86_64_1.2.1400.v20250801-0854\eclipse_11916.dll
Event: 3.492 Loaded shared library C:\Users\NOUR\AppData\Local\Temp\jna-2402334\jna10707169314751072088.dll

Deoptimization events (20 events):
Event: 25.649 Thread 0x000001a3eeb605b0 Uncommon trap: trap_request=0xffffff45 fr.pc=0x000001a3dbae271c relative=0x000000000000519c
Event: 25.649 Thread 0x000001a3eeb605b0 Uncommon trap: reason=unstable_if action=reinterpret pc=0x000001a3dbae271c method=java.lang.invoke.MethodType.genericMethodType(IZ)Ljava/lang/invoke/MethodType; @ 27 c2
Event: 25.649 Thread 0x000001a3eeb605b0 DEOPT PACKING pc=0x000001a3dbae271c sp=0x0000005211afd810
Event: 25.649 Thread 0x000001a3eeb605b0 DEOPT UNPACKING pc=0x000001a3db443aa2 sp=0x0000005211afd620 mode 2
Event: 25.667 Thread 0x000001a3eeb605b0 Uncommon trap: trap_request=0xffffffc6 fr.pc=0x000001a3dbaac570 relative=0x0000000000000cd0
Event: 25.667 Thread 0x000001a3eeb605b0 Uncommon trap: reason=bimorphic_or_optimized_type_check action=maybe_recompile pc=0x000001a3dbaac570 method=java.util.regex.Pattern$Start.match(Ljava/util/regex/Matcher;ILjava/lang/CharSequence;)Z @ 44 c2
Event: 25.667 Thread 0x000001a3eeb605b0 DEOPT PACKING pc=0x000001a3dbaac570 sp=0x0000005211afd8d0
Event: 25.667 Thread 0x000001a3eeb605b0 DEOPT UNPACKING pc=0x000001a3db443aa2 sp=0x0000005211afd820 mode 2
Event: 25.667 Thread 0x000001a3eeb605b0 Uncommon trap: trap_request=0xffffffc6 fr.pc=0x000001a3dbaac570 relative=0x0000000000000cd0
Event: 25.667 Thread 0x000001a3eeb605b0 Uncommon trap: reason=bimorphic_or_optimized_type_check action=maybe_recompile pc=0x000001a3dbaac570 method=java.util.regex.Pattern$Start.match(Ljava/util/regex/Matcher;ILjava/lang/CharSequence;)Z @ 44 c2
Event: 25.667 Thread 0x000001a3eeb605b0 DEOPT PACKING pc=0x000001a3dbaac570 sp=0x0000005211afd8d0
Event: 25.667 Thread 0x000001a3eeb605b0 DEOPT UNPACKING pc=0x000001a3db443aa2 sp=0x0000005211afd820 mode 2
Event: 25.697 Thread 0x000001a3eeb605b0 Uncommon trap: trap_request=0xffffffc6 fr.pc=0x000001a3dbaadfcc relative=0x000000000000078c
Event: 25.697 Thread 0x000001a3eeb605b0 Uncommon trap: reason=bimorphic_or_optimized_type_check action=maybe_recompile pc=0x000001a3dbaadfcc method=java.util.HashMap.putVal(ILjava/lang/Object;Ljava/lang/Object;ZZ)Ljava/lang/Object; @ 91 c2
Event: 25.697 Thread 0x000001a3eeb605b0 DEOPT PACKING pc=0x000001a3dbaadfcc sp=0x0000005211afd2e0
Event: 25.697 Thread 0x000001a3eeb605b0 DEOPT UNPACKING pc=0x000001a3db443aa2 sp=0x0000005211afd250 mode 2
Event: 25.697 Thread 0x000001a3eeb605b0 Uncommon trap: trap_request=0xffffff45 fr.pc=0x000001a3dbac56b4 relative=0x00000000000009d4
Event: 25.697 Thread 0x000001a3eeb605b0 Uncommon trap: reason=unstable_if action=reinterpret pc=0x000001a3dbac56b4 method=java.util.concurrent.ConcurrentHashMap.putVal(Ljava/lang/Object;Ljava/lang/Object;Z)Ljava/lang/Object; @ 401 c2
Event: 25.697 Thread 0x000001a3eeb605b0 DEOPT PACKING pc=0x000001a3dbac56b4 sp=0x0000005211afcb00
Event: 25.697 Thread 0x000001a3eeb605b0 DEOPT UNPACKING pc=0x000001a3db443aa2 sp=0x0000005211afca70 mode 2

Classes loaded (20 events):
Event: 25.608 Loading class java/util/concurrent/ForkJoinTask$AdaptedCallable
Event: 25.608 Loading class java/util/concurrent/ForkJoinTask$AdaptedCallable done
Event: 25.613 Loading class java/util/stream/Nodes$CollectorTask$OfRef
Event: 25.614 Loading class java/util/stream/Nodes$CollectorTask
Event: 25.615 Loading class java/util/stream/Nodes$CollectorTask done
Event: 25.615 Loading class java/util/stream/Nodes$CollectorTask$OfRef done
Event: 25.615 Loading class java/util/function/LongFunction
Event: 25.615 Loading class java/util/function/LongFunction done
Event: 25.615 Loading class java/util/stream/Nodes$ConcNode
Event: 25.616 Loading class java/util/stream/Nodes$AbstractConcNode
Event: 25.616 Loading class java/util/stream/Nodes$AbstractConcNode done
Event: 25.616 Loading class java/util/stream/Nodes$ConcNode done
Event: 25.671 Loading class java/nio/file/AccessDeniedException
Event: 25.671 Loading class java/nio/file/AccessDeniedException done
Event: 25.671 Loading class java/nio/file/DirectoryNotEmptyException
Event: 25.672 Loading class java/nio/file/DirectoryNotEmptyException done
Event: 25.696 Loading class jdk/internal/reflect/MethodHandleShortFieldAccessorImpl
Event: 25.696 Loading class jdk/internal/reflect/MethodHandleShortFieldAccessorImpl done
Event: 25.696 Loading class java/lang/Short$ShortCache
Event: 25.696 Loading class java/lang/Short$ShortCache done

Classes unloaded (7 events):
Event: 3.095 Thread 0x000001a3d0d70870 Unloading class 0x000001a38118d400 'java/lang/invoke/LambdaForm$MH+0x000001a38118d400'
Event: 3.095 Thread 0x000001a3d0d70870 Unloading class 0x000001a38118d000 'java/lang/invoke/LambdaForm$MH+0x000001a38118d000'
Event: 3.095 Thread 0x000001a3d0d70870 Unloading class 0x000001a38118cc00 'java/lang/invoke/LambdaForm$MH+0x000001a38118cc00'
Event: 3.095 Thread 0x000001a3d0d70870 Unloading class 0x000001a38118c800 'java/lang/invoke/LambdaForm$MH+0x000001a38118c800'
Event: 3.095 Thread 0x000001a3d0d70870 Unloading class 0x000001a38118c400 'java/lang/invoke/LambdaForm$BMH+0x000001a38118c400'
Event: 3.095 Thread 0x000001a3d0d70870 Unloading class 0x000001a38118c000 'java/lang/invoke/LambdaForm$DMH+0x000001a38118c000'
Event: 3.095 Thread 0x000001a3d0d70870 Unloading class 0x000001a38118ac00 'java/lang/invoke/LambdaForm$DMH+0x000001a38118ac00'

Classes redefined (0 events):
No events

Internal exceptions (20 events):
Event: 3.566 Thread 0x000001a3ce938300 Exception <a 'java/lang/NoSuchMethodError'{0x00000000d5618f68}: 'java.lang.Object java.lang.invoke.DirectMethodHandle$Holder.newInvokeSpecial(java.lang.Object, long)'> (0x00000000d5618f68) 
thrown [s\src\hotspot\share\interpreter\linkResolver.cpp, line 773]
Event: 3.589 Thread 0x000001a3eeb5f470 Exception <a 'java/io/FileNotFoundException'{0x00000000d5901bd8}> (0x00000000d5901bd8) 
thrown [s\src\hotspot\share\prims\jni.cpp, line 520]
Event: 3.589 Thread 0x000001a3eeb5f470 Exception <a 'java/io/FileNotFoundException'{0x00000000d5902e20}> (0x00000000d5902e20) 
thrown [s\src\hotspot\share\prims\jni.cpp, line 520]
Event: 3.590 Thread 0x000001a3eeb5f470 Exception <a 'java/lang/NoSuchMethodError'{0x00000000d5911338}: 'java.lang.Object java.lang.invoke.DirectMethodHandle$Holder.newInvokeSpecial(java.lang.Object, java.lang.Object, java.lang.Object, int)'> (0x00000000d5911338) 
thrown [s\src\hotspot\share\interpreter\linkResolver.cpp, line 773]
Event: 3.591 Thread 0x000001a3eeb5f470 Exception <a 'java/lang/NoSuchMethodError'{0x00000000d5914fb0}: 'java.lang.Object java.lang.invoke.DirectMethodHandle$Holder.invokeSpecial(java.lang.Object, java.lang.Object, java.lang.Object, java.lang.Object, int)'> (0x00000000d5914fb0) 
thrown [s\src\hotspot\share\interpreter\linkResolver.cpp, line 773]
Event: 3.591 Thread 0x000001a3eeb5f470 Exception <a 'java/lang/NoSuchMethodError'{0x00000000d59186a0}: 'java.lang.Object java.lang.invoke.Invokers$Holder.linkToTargetMethod(java.lang.Object, java.lang.Object, int, java.lang.Object)'> (0x00000000d59186a0) 
thrown [s\src\hotspot\share\interpreter\linkResolver.cpp, line 773]
Event: 3.592 Thread 0x000001a3eeb5f470 Exception <a 'java/lang/NoSuchMethodError'{0x00000000d5924210}: 'void java.lang.invoke.DirectMethodHandle$Holder.invokeStaticInit(java.lang.Object, java.lang.Object, java.lang.Object)'> (0x00000000d5924210) 
thrown [s\src\hotspot\share\interpreter\linkResolver.cpp, line 773]
Event: 3.596 Thread 0x000001a3eeb5f470 Exception <a 'java/io/FileNotFoundException'{0x00000000d5944ab8}> (0x00000000d5944ab8) 
thrown [s\src\hotspot\share\prims\jni.cpp, line 520]
Event: 3.597 Thread 0x000001a3eeb5f470 Exception <a 'java/io/FileNotFoundException'{0x00000000d5945bd8}> (0x00000000d5945bd8) 
thrown [s\src\hotspot\share\prims\jni.cpp, line 520]
Event: 3.729 Thread 0x000001a3ce938300 Exception <a 'java/lang/NoSuchMethodError'{0x00000000d63c8a08}: 'void java.lang.invoke.DirectMethodHandle$Holder.invokeSpecial(java.lang.Object, java.lang.Object, java.lang.Object, java.lang.Object, java.lang.Object, java.lang.Object)'> (0x00000000d63c8a08) 
thrown [s\src\hotspot\share\interpreter\linkResolver.cpp, line 773]
Event: 3.730 Thread 0x000001a3ce938300 Exception <a 'java/lang/IncompatibleClassChangeError'{0x00000000d63d0f30}: Found class java.lang.Object, but interface was expected> (0x00000000d63d0f30) 
thrown [s\src\hotspot\share\interpreter\linkResolver.cpp, line 840]
Event: 3.731 Thread 0x000001a3ce938300 Exception <a 'java/lang/IncompatibleClassChangeError'{0x00000000d63d2df0}: Found class java.lang.Object, but interface was expected> (0x00000000d63d2df0) 
thrown [s\src\hotspot\share\interpreter\linkResolver.cpp, line 840]
Event: 3.813 Thread 0x000001a3ef0e9110 Exception <a 'java/lang/NoSuchMethodError'{0x00000000d695c788}: 'java.lang.Object java.lang.invoke.DirectMethodHandle$Holder.invokeInterface(java.lang.Object, java.lang.Object, java.lang.Object)'> (0x00000000d695c788) 
thrown [s\src\hotspot\share\interpreter\linkResolver.cpp, line 773]
Event: 3.827 Thread 0x000001a3ef0e9110 Exception <a 'java/io/FileNotFoundException'{0x00000000d69fb1f0}> (0x00000000d69fb1f0) 
thrown [s\src\hotspot\share\prims\jni.cpp, line 520]
Event: 3.857 Thread 0x000001a3ef0e9110 Exception <a 'sun/nio/fs/WindowsException'{0x00000000d58c9840}> (0x00000000d58c9840) 
thrown [s\src\hotspot\share\prims\jni.cpp, line 520]
Event: 3.903 Thread 0x000001a3ef0e9110 Exception <a 'java/lang/IncompatibleClassChangeError'{0x00000000d5b6adf8}: Found class java.lang.Object, but interface was expected> (0x00000000d5b6adf8) 
thrown [s\src\hotspot\share\interpreter\linkResolver.cpp, line 840]
Event: 25.601 Thread 0x000001a3eeb605b0 Exception <a 'sun/nio/fs/WindowsException'{0x00000000d5d52138}> (0x00000000d5d52138) 
thrown [s\src\hotspot\share\prims\jni.cpp, line 520]
Event: 25.604 Thread 0x000001a3eeb605b0 Exception <a 'sun/nio/fs/WindowsException'{0x00000000d5d543a8}> (0x00000000d5d543a8) 
thrown [s\src\hotspot\share\prims\jni.cpp, line 520]
Event: 25.650 Thread 0x000001a3eeb605b0 Exception <a 'java/lang/NoSuchMethodError'{0x00000000d5dfb7f0}: 'java.lang.Object java.lang.invoke.DirectMethodHandle$Holder.newInvokeSpecial(java.lang.Object, java.lang.Object, java.lang.Object, java.lang.Object, java.lang.Object, java.lang.Object, java.lang.Object, java.lang.Object, java.lang.Object, java.lang.Object)'> (0x00000000d5dfb7f0) 
thrown [s\src\hotspot\share\interpreter\linkResolver.cpp, line 773]
Event: 25.677 Thread 0x000001a3eeb605b0 Exception <a 'sun/nio/fs/WindowsException'{0x00000000d5ee6058}> (0x00000000d5ee6058) 
thrown [s\src\hotspot\share\prims\jni.cpp, line 520]

ZGC Phase Switch (0 events):
No events

VM Operations (20 events):
Event: 3.294 Executing VM operation: HandshakeAllThreads (Deoptimize)
Event: 3.294 Executing VM operation: HandshakeAllThreads (Deoptimize) done
Event: 3.298 Executing VM operation: HandshakeAllThreads (Deoptimize)
Event: 3.298 Executing VM operation: HandshakeAllThreads (Deoptimize) done
Event: 3.382 Executing VM operation: HandshakeAllThreads (Deoptimize)
Event: 3.382 Executing VM operation: HandshakeAllThreads (Deoptimize) done
Event: 3.412 Executing VM operation: HandshakeAllThreads (Deoptimize)
Event: 3.412 Executing VM operation: HandshakeAllThreads (Deoptimize) done
Event: 3.502 Executing VM operation: HandshakeAllThreads (Deoptimize)
Event: 3.502 Executing VM operation: HandshakeAllThreads (Deoptimize) done
Event: 3.561 Executing VM operation: ParallelGCFailedAllocation (Allocation Failure)
Event: 3.563 Executing VM operation: ParallelGCFailedAllocation (Allocation Failure) done
Event: 3.820 Executing VM operation: HandshakeAllThreads (Deoptimize)
Event: 3.820 Executing VM operation: HandshakeAllThreads (Deoptimize) done
Event: 3.832 Executing VM operation: ParallelGCFailedAllocation (Allocation Failure)
Event: 3.834 Executing VM operation: ParallelGCFailedAllocation (Allocation Failure) done
Event: 4.835 Executing VM operation: Cleanup
Event: 4.835 Executing VM operation: Cleanup done
Event: 7.861 Executing VM operation: Cleanup
Event: 7.861 Executing VM operation: Cleanup done

Memory protections (0 events):
No events

Nmethod flushes (0 events):
No events

Events (20 events):
Event: 3.507 Thread 0x000001a3ee3cbb10 Thread added: 0x000001a3efda2260
Event: 3.574 Thread 0x000001a3ce938300 Thread added: 0x000001a3efda28f0
Event: 3.574 Thread 0x000001a3ce938300 Thread added: 0x000001a3efda0eb0
Event: 3.574 Thread 0x000001a3ce938300 Thread added: 0x000001a3efda1540
Event: 3.575 Thread 0x000001a3ce938300 Thread added: 0x000001a3efda0820
Event: 3.575 Thread 0x000001a3ce938300 Thread added: 0x000001a3efda3ca0
Event: 3.575 Thread 0x000001a3ce938300 Thread added: 0x000001a3efda2f80
Event: 3.575 Thread 0x000001a3ce938300 Thread added: 0x000001a3efda1bd0
Event: 3.575 Thread 0x000001a3ce938300 Thread added: 0x000001a3efda3610
Event: 3.575 Thread 0x000001a3ce938300 Thread added: 0x000001a3ef0e3530
Event: 3.575 Thread 0x000001a3ce938300 Thread added: 0x000001a3ef0e4250
Event: 3.575 Thread 0x000001a3ce938300 Thread added: 0x000001a3ef0e7040
Event: 3.575 Thread 0x000001a3ce938300 Thread added: 0x000001a3ef0e76d0
Event: 3.575 Thread 0x000001a3ce938300 Thread added: 0x000001a3ef0e3bc0
Event: 3.603 Thread 0x000001a3ce938300 Thread added: 0x000001a3ef0e8a80
Event: 3.745 Thread 0x000001a3ce938300 Thread added: 0x000001a3ef0e1af0
Event: 3.745 Thread 0x000001a3ce938300 Thread added: 0x000001a3ef0e9110
Event: 25.582 Thread 0x000001a3ef0e9110 Thread added: 0x000001a3ef0e7d60
Event: 25.609 Thread 0x000001a3eeb605b0 Thread added: 0x000001a3ef0e69b0
Event: 25.617 Thread 0x000001a3ef0e69b0 Thread exited: 0x000001a3ef0e69b0


Dynamic libraries:
0x00007ff6f4990000 - 0x00007ff6f499e000 	c:\Users\NOUR\.vscode\extensions\redhat.java-1.50.0-win32-x64\jre\21.0.9-win32-x86_64\bin\java.exe
0x00007ffa4d950000 - 0x00007ffa4db48000 	C:\Windows\SYSTEM32\ntdll.dll
0x00007ffa4d570000 - 0x00007ffa4d632000 	C:\Windows\System32\KERNEL32.DLL
0x00007ffa4b170000 - 0x00007ffa4b466000 	C:\Windows\System32\KERNELBASE.dll
0x00007ffa4b470000 - 0x00007ffa4b570000 	C:\Windows\System32\ucrtbase.dll
0x00007ffa28170000 - 0x00007ffa2818e000 	c:\Users\NOUR\.vscode\extensions\redhat.java-1.50.0-win32-x64\jre\21.0.9-win32-x86_64\bin\VCRUNTIME140.dll
0x00007ffa1eec0000 - 0x00007ffa1eed8000 	c:\Users\NOUR\.vscode\extensions\redhat.java-1.50.0-win32-x64\jre\21.0.9-win32-x86_64\bin\jli.dll
0x00007ffa4be40000 - 0x00007ffa4bfe1000 	C:\Windows\System32\USER32.dll
0x00007ffa4afe0000 - 0x00007ffa4b002000 	C:\Windows\System32\win32u.dll
0x00007ffa4ba30000 - 0x00007ffa4ba5b000 	C:\Windows\System32\GDI32.dll
0x00007ffa4b800000 - 0x00007ffa4b919000 	C:\Windows\System32\gdi32full.dll
0x00007ffa4b760000 - 0x00007ffa4b7fd000 	C:\Windows\System32\msvcp_win.dll
0x00007ffa310d0000 - 0x00007ffa3136b000 	C:\Windows\WinSxS\amd64_microsoft.windows.common-controls_6595b64144ccf1df_6.0.19041.6456_none_60b8a6cb71f64256\COMCTL32.dll
0x00007ffa4d750000 - 0x00007ffa4d7ee000 	C:\Windows\System32\msvcrt.dll
0x00007ffa4d520000 - 0x00007ffa4d54f000 	C:\Windows\System32\IMM32.DLL
0x00007ffa31690000 - 0x00007ffa3169c000 	c:\Users\NOUR\.vscode\extensions\redhat.java-1.50.0-win32-x64\jre\21.0.9-win32-x86_64\bin\vcruntime140_1.dll
0x00007ff9d6ab0000 - 0x00007ff9d6b3d000 	c:\Users\NOUR\.vscode\extensions\redhat.java-1.50.0-win32-x64\jre\21.0.9-win32-x86_64\bin\msvcp140.dll
0x00007ff953850000 - 0x00007ff9545f0000 	c:\Users\NOUR\.vscode\extensions\redhat.java-1.50.0-win32-x64\jre\21.0.9-win32-x86_64\bin\server\jvm.dll
0x00007ffa4b970000 - 0x00007ffa4ba21000 	C:\Windows\System32\ADVAPI32.dll
0x00007ffa4c1c0000 - 0x00007ffa4c25f000 	C:\Windows\System32\sechost.dll
0x00007ffa4d7f0000 - 0x00007ffa4d910000 	C:\Windows\System32\RPCRT4.dll
0x00007ffa4b570000 - 0x00007ffa4b597000 	C:\Windows\System32\bcrypt.dll
0x00007ffa4c980000 - 0x00007ffa4c9eb000 	C:\Windows\System32\WS2_32.dll
0x00007ffa4a4e0000 - 0x00007ffa4a52b000 	C:\Windows\SYSTEM32\POWRPROF.dll
0x00007ffa31d90000 - 0x00007ffa31db7000 	C:\Windows\SYSTEM32\WINMM.dll
0x00007ffa46f10000 - 0x00007ffa46f1a000 	C:\Windows\SYSTEM32\VERSION.dll
0x00007ffa4a3a0000 - 0x00007ffa4a3b2000 	C:\Windows\SYSTEM32\UMPDC.dll
0x00007ffa48d30000 - 0x00007ffa48d42000 	C:\Windows\SYSTEM32\kernel.appcore.dll
0x00007ffa304a0000 - 0x00007ffa304aa000 	c:\Users\NOUR\.vscode\extensions\redhat.java-1.50.0-win32-x64\jre\21.0.9-win32-x86_64\bin\jimage.dll
0x00007ffa358a0000 - 0x00007ffa35aa1000 	C:\Windows\SYSTEM32\DBGHELP.DLL
0x00007ffa35510000 - 0x00007ffa35544000 	C:\Windows\SYSTEM32\dbgcore.DLL
0x00007ffa4b5a0000 - 0x00007ffa4b622000 	C:\Windows\System32\bcryptPrimitives.dll
0x00007ffa2f8e0000 - 0x00007ffa2f8ef000 	c:\Users\NOUR\.vscode\extensions\redhat.java-1.50.0-win32-x64\jre\21.0.9-win32-x86_64\bin\instrument.dll
0x00007ffa13ae0000 - 0x00007ffa13b00000 	c:\Users\NOUR\.vscode\extensions\redhat.java-1.50.0-win32-x64\jre\21.0.9-win32-x86_64\bin\java.dll
0x00007ffa4cdb0000 - 0x00007ffa4d520000 	C:\Windows\System32\SHELL32.dll
0x00007ffa49010000 - 0x00007ffa497b5000 	C:\Windows\SYSTEM32\windows.storage.dll
0x00007ffa4ba60000 - 0x00007ffa4bdb4000 	C:\Windows\System32\combase.dll
0x00007ffa4a930000 - 0x00007ffa4a95b000 	C:\Windows\SYSTEM32\Wldp.dll
0x00007ffa4c0d0000 - 0x00007ffa4c19d000 	C:\Windows\System32\OLEAUT32.dll
0x00007ffa4cb80000 - 0x00007ffa4cc2d000 	C:\Windows\System32\SHCORE.dll
0x00007ffa4cb20000 - 0x00007ffa4cb7b000 	C:\Windows\System32\shlwapi.dll
0x00007ffa4af10000 - 0x00007ffa4af34000 	C:\Windows\SYSTEM32\profapi.dll
0x00007ffa116b0000 - 0x00007ffa116c8000 	c:\Users\NOUR\.vscode\extensions\redhat.java-1.50.0-win32-x64\jre\21.0.9-win32-x86_64\bin\zip.dll
0x00007ffa2f780000 - 0x00007ffa2f790000 	C:\Users\NOUR\.vscode\extensions\redhat.java-1.50.0-win32-x64\jre\21.0.9-win32-x86_64\bin\net.dll
0x00007ffa46c40000 - 0x00007ffa46d4a000 	C:\Windows\SYSTEM32\WINHTTP.dll
0x00007ffa4a710000 - 0x00007ffa4a77a000 	C:\Windows\system32\mswsock.dll
0x00007ffa0dd90000 - 0x00007ffa0dda6000 	C:\Users\NOUR\.vscode\extensions\redhat.java-1.50.0-win32-x64\jre\21.0.9-win32-x86_64\bin\nio.dll
0x00007ffa2f660000 - 0x00007ffa2f670000 	c:\Users\NOUR\.vscode\extensions\redhat.java-1.50.0-win32-x64\jre\21.0.9-win32-x86_64\bin\verify.dll
0x00007ffa019c0000 - 0x00007ffa01a04000 	C:\Users\NOUR\AppData\Roaming\Code\User\globalStorage\redhat.java\1.50.0\config_ss_win\org.eclipse.equinox.launcher\org.eclipse.equinox.launcher.win32.win32.x86_64_1.2.1400.v20250801-0854\eclipse_11916.dll
0x00007ffa4c9f0000 - 0x00007ffa4cb1b000 	C:\Windows\System32\ole32.dll
0x00007ffa4a970000 - 0x00007ffa4a988000 	C:\Windows\SYSTEM32\CRYPTSP.dll
0x00007ffa49fe0000 - 0x00007ffa4a018000 	C:\Windows\system32\rsaenh.dll
0x00007ffa4aed0000 - 0x00007ffa4aefe000 	C:\Windows\SYSTEM32\USERENV.dll
0x00007ffa4a8a0000 - 0x00007ffa4a8ac000 	C:\Windows\SYSTEM32\CRYPTBASE.dll
0x00007ffa4a3c0000 - 0x00007ffa4a3fb000 	C:\Windows\SYSTEM32\IPHLPAPI.DLL
0x00007ffa4c1a0000 - 0x00007ffa4c1a8000 	C:\Windows\System32\NSI.dll
0x00007ffa02da0000 - 0x00007ffa02de9000 	C:\Users\NOUR\AppData\Local\Temp\jna-2402334\jna10707169314751072088.dll
0x00007ffa4c2f0000 - 0x00007ffa4c2f8000 	C:\Windows\System32\PSAPI.DLL
0x00007ffa443b0000 - 0x00007ffa443c7000 	C:\Windows\SYSTEM32\dhcpcsvc6.DLL
0x00007ffa44390000 - 0x00007ffa443ad000 	C:\Windows\SYSTEM32\dhcpcsvc.DLL

JVMTI agents:
c:\Users\NOUR\.vscode\extensions\redhat.java-1.50.0-win32-x64\lombok\lombok-1.18.39-4050.jar path:c:\Users\NOUR\.vscode\extensions\redhat.java-1.50.0-win32-x64\jre\21.0.9-win32-x86_64\bin\instrument.dll, loaded, initialized, instrumentlib options:none

dbghelp: loaded successfully - version: 4.0.5 - missing functions: none
symbol engine: initialized successfully - sym options: 0x614 - pdb path: .;c:\Users\NOUR\.vscode\extensions\redhat.java-1.50.0-win32-x64\jre\21.0.9-win32-x86_64\bin;C:\Windows\SYSTEM32;C:\Windows\WinSxS\amd64_microsoft.windows.common-controls_6595b64144ccf1df_6.0.19041.6456_none_60b8a6cb71f64256;c:\Users\NOUR\.vscode\extensions\redhat.java-1.50.0-win32-x64\jre\21.0.9-win32-x86_64\bin\server;C:\Users\NOUR\AppData\Roaming\Code\User\globalStorage\redhat.java\1.50.0\config_ss_win\org.eclipse.equinox.launcher\org.eclipse.equinox.launcher.win32.win32.x86_64_1.2.1400.v20250801-0854;C:\Users\NOUR\AppData\Local\Temp\jna-2402334

VM Arguments:
jvm_args: --add-modules=ALL-SYSTEM --add-opens=java.base/java.util=ALL-UNNAMED --add-opens=java.base/java.lang=ALL-UNNAMED --add-opens=java.base/sun.nio.fs=ALL-UNNAMED -Declipse.application=org.eclipse.jdt.ls.core.id1 -Dosgi.bundles.defaultStartLevel=4 -Declipse.product=org.eclipse.jdt.ls.core.product -Djava.import.generatesMetadataFilesAtProjectRoot=false -DDetectVMInstallationsJob.disabled=true -Dfile.encoding=utf8 -XX:+UseParallelGC -XX:GCTimeRatio=4 -XX:AdaptiveSizePolicyWeight=90 -Dsun.zip.disableMemoryMapping=true -Xmx2G -Xms100m -Xlog:disable -javaagent:c:\Users\NOUR\.vscode\extensions\redhat.java-1.50.0-win32-x64\lombok\lombok-1.18.39-4050.jar 
java_command: c:\Users\NOUR\.vscode\extensions\redhat.java-1.50.0-win32-x64\server\plugins\org.eclipse.equinox.launcher_1.7.100.v20251111-0406.jar -configuration c:\Users\NOUR\AppData\Roaming\Code\User\globalStorage\redhat.java\1.50.0\config_ss_win -data c:\Users\NOUR\AppData\Roaming\Code\User\workspaceStorage\ebe7d07dd6b78334528bdc7d7f2aaab0\redhat.java\ss_ws --pipe=\\.\pipe\lsp-680a6f211bd9fde8b457b46ced08c5a5-sock
java_class_path (initial): c:\Users\NOUR\.vscode\extensions\redhat.java-1.50.0-win32-x64\server\plugins\org.eclipse.equinox.launcher_1.7.100.v20251111-0406.jar
Launcher Type: SUN_STANDARD

[Global flags]
    uintx AdaptiveSizePolicyWeight                 = 90                                        {product} {command line}
     intx CICompilerCount                          = 4                                         {product} {ergonomic}
    uintx GCTimeRatio                              = 4                                         {product} {command line}
   size_t InitialHeapSize                          = 104857600                                 {product} {command line}
   size_t MaxHeapSize                              = 2147483648                                {product} {command line}
   size_t MaxNewSize                               = 715653120                                 {product} {ergonomic}
   size_t MinHeapDeltaBytes                        = 524288                                    {product} {ergonomic}
   size_t MinHeapSize                              = 104857600                                 {product} {command line}
   size_t NewSize                                  = 34603008                                  {product} {ergonomic}
    uintx NonNMethodCodeHeapSize                   = 5839372                                {pd product} {ergonomic}
    uintx NonProfiledCodeHeapSize                  = 122909434                              {pd product} {ergonomic}
   size_t OldSize                                  = 70254592                                  {product} {ergonomic}
    uintx ProfiledCodeHeapSize                     = 122909434                              {pd product} {ergonomic}
    uintx ReservedCodeCacheSize                    = 251658240                              {pd product} {ergonomic}
     bool SegmentedCodeCache                       = true                                      {product} {ergonomic}
   size_t SoftMaxHeapSize                          = 2147483648                             {manageable} {ergonomic}
     bool UseCompressedOops                        = true                           {product lp64_product} {ergonomic}
     bool UseLargePagesIndividualAllocation        = false                                  {pd product} {ergonomic}
     bool UseParallelGC                            = true                                      {product} {command line}

Logging:
Log output configuration:
 #0: stdout all=off uptime,level,tags foldmultilines=false
 #1: stderr all=off uptime,level,tags foldmultilines=false

Release file:
JAVA_VERSION="21.0.9" 
MODULES="java.base java.compiler java.datatransfer java.xml java.prefs java.desktop java.instrument java.logging java.management java.security.sasl java.naming java.rmi java.management.rmi java.net.http java.scripting java.security.jgss java.transaction.xa java.sql java.sql.rowset java.xml.crypto java.se java.smartcardio jdk.accessibility jdk.internal.jvmstat jdk.attach jdk.charsets jdk.internal.opt jdk.zipfs jdk.compiler jdk.crypto.ec jdk.crypto.cryptoki jdk.crypto.mscapi jdk.dynalink jdk.internal.ed jdk.editpad jdk.hotspot.agent jdk.httpserver jdk.internal.le jdk.internal.vm.ci jdk.internal.vm.compiler jdk.internal.vm.compiler.management jdk.jartool jdk.javadoc jdk.jcmd jdk.management jdk.management.agent jdk.jconsole jdk.jdeps jdk.jdwp.agent jdk.jdi jdk.jfr jdk.jshell jdk.jsobject jdk.jstatd jdk.localedata jdk.management.jfr jdk.naming.dns jdk.naming.rmi jdk.net jdk.nio.mapmode jdk.random jdk.sctp jdk.security.auth jdk.security.jgss jdk.unsupported jdk.unsupported.desktop jdk.xml.dom" 

Environment Variables:
JAVA_HOME=C:\Program Files\Java\jdk-17.0.2
PATH=C:\oraclexe\app\oracle\product\11.2.0\server\bin;;C:\Python311\Scripts\;C:\Python311\;C:\Program Files\Common Files\Oracle\Java\javapath;C:\Program Files (x86)\Common Files\Oracle\Java\java8path;C:\Program Files (x86)\Common Files\Oracle\Java\javapath;C:\oraclexe\app\oracle\product\11.2.0\server\bin;C:\Windows\system32;C:\Windows;C:\Windows\System32\Wbem;C:\Windows\System32\WindowsPowerShell\v1.0\;C:\Windows\System32\OpenSSH\;C:\Program Files (x86)\NVIDIA Corporation\PhysX\Common;C:\Program Files\NVIDIA Corporation\NVIDIA NvDLISR;C:\Program Files\Java\jdk1.8.0_301\bin;C:\Program Files\Java\jdk-17.0.2\bin;C:\Program Files (x86)\dotnet\;C:\Program Files\MongoDB\Server\6.0\bin;C:\ProgramData\chocolatey\bin;C:\Program Files\gnuplot\bin;C:\Program Files\nodejs\;C:\Program Files\Git\cmd;C:\Program Files\Docker\Docker\resources\bin;C:\minikube;C:\Users\NOUR\AppData\Local\Microsoft\WindowsApps;C:\Users\NOUR\AppData\Local\Programs\Microsoft VS Code\bin;C:\GnuWin32\bin;C:\Program Files\CodeBlocks\MinGW\bin;C:\Users\NOUR\AppData\Roaming\npm;C:\flutter\src\flutter\bin;C:\Users\NOUR\AppData\Local\Pub\Cache\bin;C:\Users\NOUR\AppData\Local\Programs\cursor\resources\app\bin;C:\Program Files\JetBrains\IntelliJ IDEA 2025.3\bin
USERNAME=NOUR
OS=Windows_NT
PROCESSOR_IDENTIFIER=Intel64 Family 6 Model 165 Stepping 2, GenuineIntel
TMP=C:\Users\NOUR\AppData\Local\Temp
TEMP=C:\Users\NOUR\AppData\Local\Temp




Periodic native trim disabled

---------------  S Y S T E M  ---------------

OS:
 Windows 10 , 64 bit Build 19041 (10.0.19041.5915)
OS uptime: 0 days 7:44 hours
Hyper-V role detected

CPU: total 12 (initial active 12) (6 cores per cpu, 2 threads per core) family 6 model 165 stepping 2 microcode 0xe2, cx8, cmov, fxsr, ht, mmx, 3dnowpref, sse, sse2, sse3, ssse3, sse4.1, sse4.2, popcnt, lzcnt, tsc, tscinvbit, avx, avx2, aes, erms, clmul, bmi1, bmi2, adx, fma, vzeroupper, clflush, clflushopt, hv, rdtscp, f16c
Processor Information for the first 12 processors :
  Max Mhz: 2592, Current Mhz: 2592, Mhz Limit: 2592

Memory: 4k page, system-wide physical 16201M (134M free)
TotalPageFile size 28885M (AvailPageFile size 23M)
current process WorkingSet (physical memory assigned to process): 149M, peak: 160M
current process commit charge ("private bytes"): 289M, peak: 300M

vm_info: OpenJDK 64-Bit Server VM (21.0.9+10-LTS) for windows-amd64 JRE (21.0.9+10-LTS), built on 2025-10-21T00:00:00Z by "admin" with unknown MS VC++:1942

END.
